<?xml version="1.0" encoding="UTF-8"?>
<!-- Generated by org.testng.reporters.JUnitReportReporter -->
<testsuite hostname="VEDA" failures="0" tests="1" name="javaSelenium.Chrometest1" time="11.188" errors="0" timestamp="2022-09-15T17:39:37 IST" skipped="0">
  <testcase classname="javaSelenium.Chrometest1" name="test" time="11.188"/>
  <system-out/>
</testsuite> <!-- javaSelenium.Chrometest1 -->
