<?xml version="1.0" encoding="UTF-8"?>
<!-- Generated by org.testng.reporters.JUnitReportReporter -->
<testsuite hostname="VEDA" failures="0" tests="1" name="javaSelenium.Firefoxtest1" time="10.927" errors="0" timestamp="2022-09-15T17:39:37 IST" skipped="0">
  <testcase classname="javaSelenium.Firefoxtest1" name="testfirefox" time="10.927"/>
  <system-out/>
</testsuite> <!-- javaSelenium.Firefoxtest1 -->
